c:\users\29741\source\repos\mechanicaldog\visualgdb\debug\delay.o
c:\users\29741\source\repos\mechanicaldog\visualgdb\debug\i2c.o
c:\users\29741\source\repos\mechanicaldog\visualgdb\debug\ledblink.o
c:\users\29741\source\repos\mechanicaldog\visualgdb\debug\main.o
c:\users\29741\source\repos\mechanicaldog\visualgdb\debug\misc.o
c:\users\29741\source\repos\mechanicaldog\visualgdb\debug\myiic.o
c:\users\29741\source\repos\mechanicaldog\visualgdb\debug\pca9685.o
c:\users\29741\source\repos\mechanicaldog\visualgdb\debug\pcf8574.o
c:\users\29741\source\repos\mechanicaldog\visualgdb\debug\run.o
c:\users\29741\source\repos\mechanicaldog\visualgdb\debug\startup_stm32f407xx.o
c:\users\29741\source\repos\mechanicaldog\visualgdb\debug\stm32f4xx_adc.o
c:\users\29741\source\repos\mechanicaldog\visualgdb\debug\stm32f4xx_can.o
c:\users\29741\source\repos\mechanicaldog\visualgdb\debug\stm32f4xx_cec.o
c:\users\29741\source\repos\mechanicaldog\visualgdb\debug\stm32f4xx_crc.o
c:\users\29741\source\repos\mechanicaldog\visualgdb\debug\stm32f4xx_cryp.o
c:\users\29741\source\repos\mechanicaldog\visualgdb\debug\stm32f4xx_cryp_aes.o
c:\users\29741\source\repos\mechanicaldog\visualgdb\debug\stm32f4xx_cryp_des.o
c:\users\29741\source\repos\mechanicaldog\visualgdb\debug\stm32f4xx_cryp_tdes.o
c:\users\29741\source\repos\mechanicaldog\visualgdb\debug\stm32f4xx_dac.o
c:\users\29741\source\repos\mechanicaldog\visualgdb\debug\stm32f4xx_dbgmcu.o
c:\users\29741\source\repos\mechanicaldog\visualgdb\debug\stm32f4xx_dcmi.o
c:\users\29741\source\repos\mechanicaldog\visualgdb\debug\stm32f4xx_dfsdm.o
c:\users\29741\source\repos\mechanicaldog\visualgdb\debug\stm32f4xx_dma.o
c:\users\29741\source\repos\mechanicaldog\visualgdb\debug\stm32f4xx_dma2d.o
c:\users\29741\source\repos\mechanicaldog\visualgdb\debug\stm32f4xx_dsi.o
c:\users\29741\source\repos\mechanicaldog\visualgdb\debug\stm32f4xx_exti.o
c:\users\29741\source\repos\mechanicaldog\visualgdb\debug\stm32f4xx_flash.o
c:\users\29741\source\repos\mechanicaldog\visualgdb\debug\stm32f4xx_flash_ramfunc.o
c:\users\29741\source\repos\mechanicaldog\visualgdb\debug\stm32f4xx_fmpi2c.o
c:\users\29741\source\repos\mechanicaldog\visualgdb\debug\stm32f4xx_fsmc.o
c:\users\29741\source\repos\mechanicaldog\visualgdb\debug\stm32f4xx_gpio.o
c:\users\29741\source\repos\mechanicaldog\visualgdb\debug\stm32f4xx_hash.o
c:\users\29741\source\repos\mechanicaldog\visualgdb\debug\stm32f4xx_hash_md5.o
c:\users\29741\source\repos\mechanicaldog\visualgdb\debug\stm32f4xx_hash_sha1.o
c:\users\29741\source\repos\mechanicaldog\visualgdb\debug\stm32f4xx_i2c.o
c:\users\29741\source\repos\mechanicaldog\visualgdb\debug\stm32f4xx_iwdg.o
c:\users\29741\source\repos\mechanicaldog\visualgdb\debug\stm32f4xx_lptim.o
c:\users\29741\source\repos\mechanicaldog\visualgdb\debug\stm32f4xx_ltdc.o
c:\users\29741\source\repos\mechanicaldog\visualgdb\debug\stm32f4xx_pwr.o
c:\users\29741\source\repos\mechanicaldog\visualgdb\debug\stm32f4xx_qspi.o
c:\users\29741\source\repos\mechanicaldog\visualgdb\debug\stm32f4xx_rcc.o
c:\users\29741\source\repos\mechanicaldog\visualgdb\debug\stm32f4xx_rng.o
c:\users\29741\source\repos\mechanicaldog\visualgdb\debug\stm32f4xx_rtc.o
c:\users\29741\source\repos\mechanicaldog\visualgdb\debug\stm32f4xx_sai.o
c:\users\29741\source\repos\mechanicaldog\visualgdb\debug\stm32f4xx_sdio.o
c:\users\29741\source\repos\mechanicaldog\visualgdb\debug\stm32f4xx_spdifrx.o
c:\users\29741\source\repos\mechanicaldog\visualgdb\debug\stm32f4xx_spi.o
c:\users\29741\source\repos\mechanicaldog\visualgdb\debug\stm32f4xx_syscfg.o
c:\users\29741\source\repos\mechanicaldog\visualgdb\debug\stm32f4xx_tim.o
c:\users\29741\source\repos\mechanicaldog\visualgdb\debug\stm32f4xx_usart.o
c:\users\29741\source\repos\mechanicaldog\visualgdb\debug\stm32f4xx_wwdg.o
c:\users\29741\source\repos\mechanicaldog\visualgdb\debug\sys.o
c:\users\29741\source\repos\mechanicaldog\visualgdb\debug\system_stm32f4xx.o
c:\users\29741\source\repos\mechanicaldog\visualgdb\debug\delay.dep
c:\users\29741\source\repos\mechanicaldog\visualgdb\debug\i2c.dep
c:\users\29741\source\repos\mechanicaldog\visualgdb\debug\ledblink.dep
c:\users\29741\source\repos\mechanicaldog\visualgdb\debug\main.dep
c:\users\29741\source\repos\mechanicaldog\visualgdb\debug\misc.dep
c:\users\29741\source\repos\mechanicaldog\visualgdb\debug\myiic.dep
c:\users\29741\source\repos\mechanicaldog\visualgdb\debug\pca9685.dep
c:\users\29741\source\repos\mechanicaldog\visualgdb\debug\pcf8574.dep
c:\users\29741\source\repos\mechanicaldog\visualgdb\debug\run.dep
c:\users\29741\source\repos\mechanicaldog\visualgdb\debug\startup_stm32f407xx.dep
c:\users\29741\source\repos\mechanicaldog\visualgdb\debug\stm32f4xx_adc.dep
c:\users\29741\source\repos\mechanicaldog\visualgdb\debug\stm32f4xx_can.dep
c:\users\29741\source\repos\mechanicaldog\visualgdb\debug\stm32f4xx_cec.dep
c:\users\29741\source\repos\mechanicaldog\visualgdb\debug\stm32f4xx_crc.dep
c:\users\29741\source\repos\mechanicaldog\visualgdb\debug\stm32f4xx_cryp.dep
c:\users\29741\source\repos\mechanicaldog\visualgdb\debug\stm32f4xx_cryp_aes.dep
c:\users\29741\source\repos\mechanicaldog\visualgdb\debug\stm32f4xx_cryp_des.dep
c:\users\29741\source\repos\mechanicaldog\visualgdb\debug\stm32f4xx_cryp_tdes.dep
c:\users\29741\source\repos\mechanicaldog\visualgdb\debug\stm32f4xx_dac.dep
c:\users\29741\source\repos\mechanicaldog\visualgdb\debug\stm32f4xx_dbgmcu.dep
c:\users\29741\source\repos\mechanicaldog\visualgdb\debug\stm32f4xx_dcmi.dep
c:\users\29741\source\repos\mechanicaldog\visualgdb\debug\stm32f4xx_dfsdm.dep
c:\users\29741\source\repos\mechanicaldog\visualgdb\debug\stm32f4xx_dma.dep
c:\users\29741\source\repos\mechanicaldog\visualgdb\debug\stm32f4xx_dma2d.dep
c:\users\29741\source\repos\mechanicaldog\visualgdb\debug\stm32f4xx_dsi.dep
c:\users\29741\source\repos\mechanicaldog\visualgdb\debug\stm32f4xx_exti.dep
c:\users\29741\source\repos\mechanicaldog\visualgdb\debug\stm32f4xx_flash.dep
c:\users\29741\source\repos\mechanicaldog\visualgdb\debug\stm32f4xx_flash_ramfunc.dep
c:\users\29741\source\repos\mechanicaldog\visualgdb\debug\stm32f4xx_fmpi2c.dep
c:\users\29741\source\repos\mechanicaldog\visualgdb\debug\stm32f4xx_fsmc.dep
c:\users\29741\source\repos\mechanicaldog\visualgdb\debug\stm32f4xx_gpio.dep
c:\users\29741\source\repos\mechanicaldog\visualgdb\debug\stm32f4xx_hash.dep
c:\users\29741\source\repos\mechanicaldog\visualgdb\debug\stm32f4xx_hash_md5.dep
c:\users\29741\source\repos\mechanicaldog\visualgdb\debug\stm32f4xx_hash_sha1.dep
c:\users\29741\source\repos\mechanicaldog\visualgdb\debug\stm32f4xx_i2c.dep
c:\users\29741\source\repos\mechanicaldog\visualgdb\debug\stm32f4xx_iwdg.dep
c:\users\29741\source\repos\mechanicaldog\visualgdb\debug\stm32f4xx_lptim.dep
c:\users\29741\source\repos\mechanicaldog\visualgdb\debug\stm32f4xx_ltdc.dep
c:\users\29741\source\repos\mechanicaldog\visualgdb\debug\stm32f4xx_pwr.dep
c:\users\29741\source\repos\mechanicaldog\visualgdb\debug\stm32f4xx_qspi.dep
c:\users\29741\source\repos\mechanicaldog\visualgdb\debug\stm32f4xx_rcc.dep
c:\users\29741\source\repos\mechanicaldog\visualgdb\debug\stm32f4xx_rng.dep
c:\users\29741\source\repos\mechanicaldog\visualgdb\debug\stm32f4xx_rtc.dep
c:\users\29741\source\repos\mechanicaldog\visualgdb\debug\stm32f4xx_sai.dep
c:\users\29741\source\repos\mechanicaldog\visualgdb\debug\stm32f4xx_sdio.dep
c:\users\29741\source\repos\mechanicaldog\visualgdb\debug\stm32f4xx_spdifrx.dep
c:\users\29741\source\repos\mechanicaldog\visualgdb\debug\stm32f4xx_spi.dep
c:\users\29741\source\repos\mechanicaldog\visualgdb\debug\stm32f4xx_syscfg.dep
c:\users\29741\source\repos\mechanicaldog\visualgdb\debug\stm32f4xx_tim.dep
c:\users\29741\source\repos\mechanicaldog\visualgdb\debug\stm32f4xx_usart.dep
c:\users\29741\source\repos\mechanicaldog\visualgdb\debug\stm32f4xx_wwdg.dep
c:\users\29741\source\repos\mechanicaldog\visualgdb\debug\sys.dep
c:\users\29741\source\repos\mechanicaldog\visualgdb\debug\system_stm32f4xx.dep
c:\users\29741\source\repos\mechanicaldog\visualgdb\debug\mechanicaldog.link.rsp
c:\users\29741\source\repos\mechanicaldog\visualgdb\debug\mechanicaldog.bin
c:\users\29741\source\repos\mechanicaldog\visualgdb\debug\mechanicaldog.alldeps
c:\users\29741\source\repos\mechanicaldog\visualgdb\debug\mechanicaldog
c:\users\29741\source\repos\mechanicaldog\visualgdb\debug\delay.gcc.rsp
c:\users\29741\source\repos\mechanicaldog\visualgdb\debug\i2c.gcc.rsp
c:\users\29741\source\repos\mechanicaldog\visualgdb\debug\ledblink.gcc.rsp
c:\users\29741\source\repos\mechanicaldog\visualgdb\debug\main.gcc.rsp
c:\users\29741\source\repos\mechanicaldog\visualgdb\debug\mechanicaldog.mkbin.rsp
c:\users\29741\source\repos\mechanicaldog\visualgdb\debug\mechanicaldog.mkihex.rsp
c:\users\29741\source\repos\mechanicaldog\visualgdb\debug\misc.gcc.rsp
c:\users\29741\source\repos\mechanicaldog\visualgdb\debug\myiic.gcc.rsp
c:\users\29741\source\repos\mechanicaldog\visualgdb\debug\pca9685.gcc.rsp
c:\users\29741\source\repos\mechanicaldog\visualgdb\debug\pcf8574.gcc.rsp
c:\users\29741\source\repos\mechanicaldog\visualgdb\debug\run.gcc.rsp
c:\users\29741\source\repos\mechanicaldog\visualgdb\debug\startup_stm32f407xx.gcc.rsp
c:\users\29741\source\repos\mechanicaldog\visualgdb\debug\stm32f4xx_adc.gcc.rsp
c:\users\29741\source\repos\mechanicaldog\visualgdb\debug\stm32f4xx_can.gcc.rsp
c:\users\29741\source\repos\mechanicaldog\visualgdb\debug\stm32f4xx_cec.gcc.rsp
c:\users\29741\source\repos\mechanicaldog\visualgdb\debug\stm32f4xx_crc.gcc.rsp
c:\users\29741\source\repos\mechanicaldog\visualgdb\debug\stm32f4xx_cryp.gcc.rsp
c:\users\29741\source\repos\mechanicaldog\visualgdb\debug\stm32f4xx_cryp_aes.gcc.rsp
c:\users\29741\source\repos\mechanicaldog\visualgdb\debug\stm32f4xx_cryp_des.gcc.rsp
c:\users\29741\source\repos\mechanicaldog\visualgdb\debug\stm32f4xx_cryp_tdes.gcc.rsp
c:\users\29741\source\repos\mechanicaldog\visualgdb\debug\stm32f4xx_dac.gcc.rsp
c:\users\29741\source\repos\mechanicaldog\visualgdb\debug\stm32f4xx_dbgmcu.gcc.rsp
c:\users\29741\source\repos\mechanicaldog\visualgdb\debug\stm32f4xx_dcmi.gcc.rsp
c:\users\29741\source\repos\mechanicaldog\visualgdb\debug\stm32f4xx_dfsdm.gcc.rsp
c:\users\29741\source\repos\mechanicaldog\visualgdb\debug\stm32f4xx_dma.gcc.rsp
c:\users\29741\source\repos\mechanicaldog\visualgdb\debug\stm32f4xx_dma2d.gcc.rsp
c:\users\29741\source\repos\mechanicaldog\visualgdb\debug\stm32f4xx_dsi.gcc.rsp
c:\users\29741\source\repos\mechanicaldog\visualgdb\debug\stm32f4xx_exti.gcc.rsp
c:\users\29741\source\repos\mechanicaldog\visualgdb\debug\stm32f4xx_flash.gcc.rsp
c:\users\29741\source\repos\mechanicaldog\visualgdb\debug\stm32f4xx_flash_ramfunc.gcc.rsp
c:\users\29741\source\repos\mechanicaldog\visualgdb\debug\stm32f4xx_fmpi2c.gcc.rsp
c:\users\29741\source\repos\mechanicaldog\visualgdb\debug\stm32f4xx_fsmc.gcc.rsp
c:\users\29741\source\repos\mechanicaldog\visualgdb\debug\stm32f4xx_gpio.gcc.rsp
c:\users\29741\source\repos\mechanicaldog\visualgdb\debug\stm32f4xx_hash.gcc.rsp
c:\users\29741\source\repos\mechanicaldog\visualgdb\debug\stm32f4xx_hash_md5.gcc.rsp
c:\users\29741\source\repos\mechanicaldog\visualgdb\debug\stm32f4xx_hash_sha1.gcc.rsp
c:\users\29741\source\repos\mechanicaldog\visualgdb\debug\stm32f4xx_i2c.gcc.rsp
c:\users\29741\source\repos\mechanicaldog\visualgdb\debug\stm32f4xx_iwdg.gcc.rsp
c:\users\29741\source\repos\mechanicaldog\visualgdb\debug\stm32f4xx_lptim.gcc.rsp
c:\users\29741\source\repos\mechanicaldog\visualgdb\debug\stm32f4xx_ltdc.gcc.rsp
c:\users\29741\source\repos\mechanicaldog\visualgdb\debug\stm32f4xx_pwr.gcc.rsp
c:\users\29741\source\repos\mechanicaldog\visualgdb\debug\stm32f4xx_qspi.gcc.rsp
c:\users\29741\source\repos\mechanicaldog\visualgdb\debug\stm32f4xx_rcc.gcc.rsp
c:\users\29741\source\repos\mechanicaldog\visualgdb\debug\stm32f4xx_rng.gcc.rsp
c:\users\29741\source\repos\mechanicaldog\visualgdb\debug\stm32f4xx_rtc.gcc.rsp
c:\users\29741\source\repos\mechanicaldog\visualgdb\debug\stm32f4xx_sai.gcc.rsp
c:\users\29741\source\repos\mechanicaldog\visualgdb\debug\stm32f4xx_sdio.gcc.rsp
c:\users\29741\source\repos\mechanicaldog\visualgdb\debug\stm32f4xx_spdifrx.gcc.rsp
c:\users\29741\source\repos\mechanicaldog\visualgdb\debug\stm32f4xx_spi.gcc.rsp
c:\users\29741\source\repos\mechanicaldog\visualgdb\debug\stm32f4xx_syscfg.gcc.rsp
c:\users\29741\source\repos\mechanicaldog\visualgdb\debug\stm32f4xx_tim.gcc.rsp
c:\users\29741\source\repos\mechanicaldog\visualgdb\debug\stm32f4xx_usart.gcc.rsp
c:\users\29741\source\repos\mechanicaldog\visualgdb\debug\stm32f4xx_wwdg.gcc.rsp
c:\users\29741\source\repos\mechanicaldog\visualgdb\debug\sys.gcc.rsp
c:\users\29741\source\repos\mechanicaldog\visualgdb\debug\system_stm32f4xx.gcc.rsp
